[2018-11-22 08:30:36] lumen.INFO: testSendNoticeInfo {"phone":["18510258037","15501191752","15201594661","15701288783","18510378547","13161781368"],"msg":"【九斗鱼】updateSystemConfigError(ACCESS_TOKEN_SERVER)"} []
[2018-11-22 08:30:36] lumen.INFO: HttpResult {"phone":["18510258037","15501191752","15201594661","15701288783","18510378547","13161781368"],"msg":"【九斗鱼】updateSystemConfigError(ACCESS_TOKEN_SERVER)","secret_sign":"86795cd7a521cbba44755fd67525530b","data":{"status":true,"code":200,"msg":"成功","data":[]}} []
[2018-11-22 08:45:51] lumen.INFO: testSendNoticeInfo {"phone":["18510258037","15501191752","15201594661","15701288783","18510378547","13161781368"],"msg":"【九斗鱼】updateSystemConfigError(ACCESS_TOKEN_SERVER)"} []
[2018-11-22 08:45:51] lumen.INFO: testSendNoticeInfo {"phone":["18510258037","15501191752","15201594661","15701288783","18510378547","13161781368"],"msg":"【九斗鱼】updateSystemConfigError(ACCESS_TOKEN_CORE)"} []
[2018-11-22 08:45:51] lumen.INFO: HttpResult {"phone":["18510258037","15501191752","15201594661","15701288783","18510378547","13161781368"],"msg":"【九斗鱼】updateSystemConfigError(ACCESS_TOKEN_CORE)","secret_sign":"3566ceb9f9c611846de8be3c70ce35b9","data":{"status":true,"code":200,"msg":"成功","data":[]}} []
[2018-11-22 08:45:51] lumen.INFO: HttpResult {"phone":["18510258037","15501191752","15201594661","15701288783","18510378547","13161781368"],"msg":"【九斗鱼】updateSystemConfigError(ACCESS_TOKEN_SERVER)","secret_sign":"86795cd7a521cbba44755fd67525530b","data":{"status":true,"code":200,"msg":"成功","data":[]}} []
[2018-11-22 08:50:03] lumen.INFO: testSendNoticeInfo {"phone":["18510258037","15501191752","15201594661","15701288783","18510378547","13161781368"],"msg":"【九斗鱼】updateSystemConfigError(ACCESS_TOKEN_SERVER)"} []
[2018-11-22 08:50:03] lumen.INFO: HttpResult {"phone":["18510258037","15501191752","15201594661","15701288783","18510378547","13161781368"],"msg":"【九斗鱼】updateSystemConfigError(ACCESS_TOKEN_SERVER)","secret_sign":"86795cd7a521cbba44755fd67525530b","data":{"status":true,"code":200,"msg":"成功","data":[]}} []
[2018-11-22 08:50:03] lumen.INFO: testSendNoticeInfo {"phone":["18510258037","15501191752","15201594661","15701288783","18510378547","13161781368"],"msg":"【九斗鱼】updateSystemConfigError(ACCESS_TOKEN_SERVER)"} []
[2018-11-22 08:50:03] lumen.INFO: HttpResult {"phone":["18510258037","15501191752","15201594661","15701288783","18510378547","13161781368"],"msg":"【九斗鱼】updateSystemConfigError(ACCESS_TOKEN_SERVER)","secret_sign":"86795cd7a521cbba44755fd67525530b","data":{"status":true,"code":200,"msg":"成功","data":[]}} []
[2018-11-22 10:59:03] lumen.INFO: testSendNoticeInfo {"phone":["15501191752","13309899089",""],"msg":"【九斗鱼】dssdsd回复TD退订"} []
[2018-11-22 10:59:03] lumen.INFO: HttpResult {"phone":["15501191752","13309899089",""],"msg":"【九斗鱼】dssdsd回复TD退订","secret_sign":"f28098ea50eb57b009e43a61b159813a","data":{"status":true,"code":200,"msg":"成功","data":[]}} []
[2018-11-22 11:02:53] lumen.INFO: testSendNoticeInfo {"phone":["15501191752","13309899089",""],"msg":"【九斗鱼】管理评论的用户回复TD退订"} []
[2018-11-22 11:02:53] lumen.INFO: HttpResult {"phone":["15501191752","13309899089",""],"msg":"【九斗鱼】管理评论的用户回复TD退订","secret_sign":"65d756a1fc0c596e48e47dc6d9f71116","data":{"status":true,"code":200,"msg":"成功","data":[]}} []
[2018-11-22 14:40:01] lumen.INFO: testSendNoticeInfo {"phone":["18510258037","15501191752","15201594661","15701288783","18510378547","13161781368"],"msg":"【九斗鱼】updateSystemConfigError(ACCESS_TOKEN_SERVER)"} []
[2018-11-22 14:40:01] lumen.INFO: HttpResult {"phone":["18510258037","15501191752","15201594661","15701288783","18510378547","13161781368"],"msg":"【九斗鱼】updateSystemConfigError(ACCESS_TOKEN_SERVER)","secret_sign":"86795cd7a521cbba44755fd67525530b","data":{"status":true,"code":200,"msg":"成功","data":[]}} []
[2018-11-22 14:50:01] lumen.INFO: testSendNoticeInfo {"phone":["18510258037","15501191752","15201594661","15701288783","18510378547","13161781368"],"msg":"【九斗鱼】updateSystemConfigError(ACCESS_TOKEN_SERVER)"} []
[2018-11-22 14:50:01] lumen.INFO: HttpResult {"phone":["18510258037","15501191752","15201594661","15701288783","18510378547","13161781368"],"msg":"【九斗鱼】updateSystemConfigError(ACCESS_TOKEN_SERVER)","secret_sign":"86795cd7a521cbba44755fd67525530b","data":{"status":true,"code":200,"msg":"成功","data":[]}} []
[2018-11-22 15:00:01] lumen.INFO: testSendNoticeInfo {"phone":["18510258037","15501191752","15201594661","15701288783","18510378547","13161781368"],"msg":"【九斗鱼】updateSystemConfigError(ACCESS_TOKEN_SERVER)"} []
[2018-11-22 15:00:01] lumen.INFO: HttpResult {"phone":["18510258037","15501191752","15201594661","15701288783","18510378547","13161781368"],"msg":"【九斗鱼】updateSystemConfigError(ACCESS_TOKEN_SERVER)","secret_sign":"86795cd7a521cbba44755fd67525530b","data":{"status":true,"code":200,"msg":"成功","data":[]}} []
[2018-11-22 15:10:01] lumen.INFO: testSendNoticeInfo {"phone":["18510258037","15501191752","15201594661","15701288783","18510378547","13161781368"],"msg":"【九斗鱼】updateSystemConfigError(ACCESS_TOKEN_SERVER)"} []
[2018-11-22 15:10:01] lumen.INFO: HttpResult {"phone":["18510258037","15501191752","15201594661","15701288783","18510378547","13161781368"],"msg":"【九斗鱼】updateSystemConfigError(ACCESS_TOKEN_SERVER)","secret_sign":"86795cd7a521cbba44755fd67525530b","data":{"status":true,"code":200,"msg":"成功","data":[]}} []
[2018-11-22 15:20:01] lumen.INFO: testSendNoticeInfo {"phone":["18510258037","15501191752","15201594661","15701288783","18510378547","13161781368"],"msg":"【九斗鱼】updateSystemConfigError(ACCESS_TOKEN_SERVER)"} []
[2018-11-22 15:20:01] lumen.INFO: HttpResult {"phone":["18510258037","15501191752","15201594661","15701288783","18510378547","13161781368"],"msg":"【九斗鱼】updateSystemConfigError(ACCESS_TOKEN_SERVER)","secret_sign":"86795cd7a521cbba44755fd67525530b","data":{"status":true,"code":200,"msg":"成功","data":[]}} []
[2018-11-22 15:50:01] lumen.INFO: testSendNoticeInfo {"phone":["18510258037","15501191752","15201594661","15701288783","18510378547","13161781368"],"msg":"【九斗鱼】updateSystemConfigError(ACCESS_TOKEN_SERVER)"} []
[2018-11-22 15:50:01] lumen.INFO: HttpResult {"phone":["18510258037","15501191752","15201594661","15701288783","18510378547","13161781368"],"msg":"【九斗鱼】updateSystemConfigError(ACCESS_TOKEN_SERVER)","secret_sign":"86795cd7a521cbba44755fd67525530b","data":{"status":true,"code":200,"msg":"成功","data":[]}} []
[2018-11-22 16:00:00] lumen.INFO: testSendNoticeInfo {"phone":["18510258037","15501191752","15201594661","15701288783","18510378547","13161781368"],"msg":"【九斗鱼】updateSystemConfigError(ACCESS_TOKEN_SERVER)"} []
[2018-11-22 16:00:00] lumen.INFO: testSendNoticeInfo {"phone":["18510258037","15501191752","15201594661","15701288783","18510378547","13161781368"],"msg":"【九斗鱼】updateSystemConfigError(ACCESS_TOKEN_SERVER)"} []
[2018-11-22 16:00:00] lumen.INFO: HttpResult {"phone":["18510258037","15501191752","15201594661","15701288783","18510378547","13161781368"],"msg":"【九斗鱼】updateSystemConfigError(ACCESS_TOKEN_SERVER)","secret_sign":"86795cd7a521cbba44755fd67525530b","data":{"status":true,"code":200,"msg":"成功","data":[]}} []
[2018-11-22 16:00:00] lumen.INFO: HttpResult {"phone":["18510258037","15501191752","15201594661","15701288783","18510378547","13161781368"],"msg":"【九斗鱼】updateSystemConfigError(ACCESS_TOKEN_SERVER)","secret_sign":"86795cd7a521cbba44755fd67525530b","data":{"status":true,"code":200,"msg":"成功","data":[]}} []
[2018-11-22 16:50:03] lumen.INFO: testSendNoticeInfo {"phone":["18510258037","15501191752","15201594661","15701288783","18510378547","13161781368"],"msg":"【九斗鱼】updateSystemConfigError(ACCESS_TOKEN_SERVER)"} []
[2018-11-22 16:50:03] lumen.INFO: HttpResult {"phone":["18510258037","15501191752","15201594661","15701288783","18510378547","13161781368"],"msg":"【九斗鱼】updateSystemConfigError(ACCESS_TOKEN_SERVER)","secret_sign":"86795cd7a521cbba44755fd67525530b","data":{"status":true,"code":200,"msg":"成功","data":[]}} []
[2018-11-22 17:00:02] lumen.INFO: testSendNoticeInfo {"phone":["18510258037","15501191752","15201594661","15701288783","18510378547","13161781368"],"msg":"【九斗鱼】updateSystemConfigError(ACCESS_TOKEN_SERVER)"} []
[2018-11-22 17:00:02] lumen.INFO: HttpResult {"phone":["18510258037","15501191752","15201594661","15701288783","18510378547","13161781368"],"msg":"【九斗鱼】updateSystemConfigError(ACCESS_TOKEN_SERVER)","secret_sign":"86795cd7a521cbba44755fd67525530b","data":{"status":true,"code":200,"msg":"成功","data":[]}} []
[2018-11-22 19:20:01] lumen.INFO: testSendNoticeInfo {"phone":["18510258037","15501191752","15201594661","15701288783","18510378547","13161781368"],"msg":"【九斗鱼】updateSystemConfigError(ACCESS_TOKEN_SERVER)"} []
[2018-11-22 19:20:01] lumen.INFO: HttpResult {"phone":["18510258037","15501191752","15201594661","15701288783","18510378547","13161781368"],"msg":"【九斗鱼】updateSystemConfigError(ACCESS_TOKEN_SERVER)","secret_sign":"86795cd7a521cbba44755fd67525530b","data":{"status":true,"code":200,"msg":"成功","data":[]}} []
[2018-11-22 19:40:01] lumen.INFO: testSendNoticeInfo {"phone":["18510258037","15501191752","15201594661","15701288783","18510378547","13161781368"],"msg":"【九斗鱼】updateSystemConfigError(ACCESS_TOKEN_SERVER)"} []
[2018-11-22 19:40:01] lumen.INFO: HttpResult {"phone":["18510258037","15501191752","15201594661","15701288783","18510378547","13161781368"],"msg":"【九斗鱼】updateSystemConfigError(ACCESS_TOKEN_SERVER)","secret_sign":"86795cd7a521cbba44755fd67525530b","data":{"status":true,"code":200,"msg":"成功","data":[]}} []
[2018-11-22 19:50:02] lumen.INFO: testSendNoticeInfo {"phone":["18510258037","15501191752","15201594661","15701288783","18510378547","13161781368"],"msg":"【九斗鱼】updateSystemConfigError(ACCESS_TOKEN_SERVER)"} []
[2018-11-22 19:50:02] lumen.INFO: HttpResult {"phone":["18510258037","15501191752","15201594661","15701288783","18510378547","13161781368"],"msg":"【九斗鱼】updateSystemConfigError(ACCESS_TOKEN_SERVER)","secret_sign":"86795cd7a521cbba44755fd67525530b","data":{"status":true,"code":200,"msg":"成功","data":[]}} []
[2018-11-22 20:00:02] lumen.INFO: testSendNoticeInfo {"phone":["18510258037","15501191752","15201594661","15701288783","18510378547","13161781368"],"msg":"【九斗鱼】updateSystemConfigError(ACCESS_TOKEN_SERVER)"} []
[2018-11-22 20:00:02] lumen.INFO: HttpResult {"phone":["18510258037","15501191752","15201594661","15701288783","18510378547","13161781368"],"msg":"【九斗鱼】updateSystemConfigError(ACCESS_TOKEN_SERVER)","secret_sign":"86795cd7a521cbba44755fd67525530b","data":{"status":true,"code":200,"msg":"成功","data":[]}} []
[2018-11-22 20:30:01] lumen.INFO: testSendNoticeInfo {"phone":["18510258037","15501191752","15201594661","15701288783","18510378547","13161781368"],"msg":"【九斗鱼】updateSystemConfigError(ACCESS_TOKEN_SERVER)"} []
[2018-11-22 20:30:01] lumen.INFO: HttpResult {"phone":["18510258037","15501191752","15201594661","15701288783","18510378547","13161781368"],"msg":"【九斗鱼】updateSystemConfigError(ACCESS_TOKEN_SERVER)","secret_sign":"86795cd7a521cbba44755fd67525530b","data":{"status":true,"code":200,"msg":"成功","data":[]}} []
[2018-11-22 21:10:04] lumen.INFO: testSendNoticeInfo {"phone":["18510258037","15501191752","15201594661","15701288783","18510378547","13161781368"],"msg":"【九斗鱼】updateSystemConfigError(ACCESS_TOKEN_SERVER)"} []
[2018-11-22 21:10:04] lumen.INFO: HttpResult {"phone":["18510258037","15501191752","15201594661","15701288783","18510378547","13161781368"],"msg":"【九斗鱼】updateSystemConfigError(ACCESS_TOKEN_SERVER)","secret_sign":"86795cd7a521cbba44755fd67525530b","data":{"status":true,"code":200,"msg":"成功","data":[]}} []
